  Using 'git status' to determine working set for adaptive non-unity build (C:\Users\root\Documents\GitHub\UE4Networking).
  Creating makefile for NetExpCppEditor (game project files are newer)
  Parsing headers for NetExpCppEditor
    Running UnrealHeaderTool "C:\Users\root\Documents\GitHub\UE4Networking\NetExpCpp\NetExpCpp.uproject" "C:\Users\root\Documents\GitHub\UE4Networking\NetExpCpp\Intermediate\Build\Win64\NetExpCppEditor\Development\NetExpCppEditor.uhtmanifest" -LogCmds="loginit warning, logexit warning, logdatabase error" -Unattended -WarningsAsErrors -installed
  Reflection code generated for NetExpCppEditor in 4.7461206 seconds
  Using Visual Studio 2017 14.16.27023 toolchain (C:\Program Files (x86)\Microsoft Visual Studio\2017\Professional\VC\Tools\MSVC\14.16.27023) and Windows 10.0.16299.0 SDK (C:\Program Files (x86)\Windows Kits\10).
  Building 15 actions with 8 processes...
    [1/15] Default.rc2
    [2/15] SharedPCH.Engine.cpp
    [3/15] NetExpCpp.init.gen.cpp
    [4/15] NetExpCppProjectile.cpp
    [5/15] NetExpCppHUD.gen.cpp
    [6/15] NetExpCppGameMode.gen.cpp
    [7/15] NetExpCppCharacter.gen.cpp
    [8/15] NetExpCppGameMode.cpp
    [9/15] NetExpCppHUD.cpp
    [10/15] NetExpCpp.cpp
    [11/15] NetExpCppProjectile.gen.cpp
    [12/15] NetExpCppCharacter.cpp
    [13/15] UE4Editor-NetExpCpp.lib
       Creating library C:\Users\root\Documents\GitHub\UE4Networking\NetExpCpp\Intermediate\Build\Win64\UE4Editor\Development\NetExpCpp\UE4Editor-NetExpCpp.lib and object C:\Users\root\Documents\GitHub\UE4Networking\NetExpCpp\Intermediate\Build\Win64\UE4Editor\Development\NetExpCpp\UE4Editor-NetExpCpp.exp
    [14/15] UE4Editor-NetExpCpp.dll
       Creating library C:\Users\root\Documents\GitHub\UE4Networking\NetExpCpp\Intermediate\Build\Win64\UE4Editor\Development\NetExpCpp\UE4Editor-NetExpCpp.suppressed.lib and object C:\Users\root\Documents\GitHub\UE4Networking\NetExpCpp\Intermediate\Build\Win64\UE4Editor\Development\NetExpCpp\UE4Editor-NetExpCpp.suppressed.exp
    [15/15] NetExpCppEditor.target
  Total time in Parallel executor: 19.68 seconds
  Total execution time: 25.99 seconds
